build/app/intermediates/manifest_merge_blame_file/debug/manifest-merger-blame-debug-report.txt
1<?xml version="1.0" encoding="utf-8"?>
2<manifest xmlns:android="http://schemas.android.com/apk/res/android"
3    package="com.example.hotelKingsdharbar"
4    android:versionCode="1"
5    android:versionName="1.0.0" >
6
7    <uses-sdk
8        android:minSdkVersion="20"
9        android:targetSdkVersion="30" />
10    <!--
11         Flutter needs it to communicate with the running application
12         to allow setting breakpoints, to provide hot reload, etc.
13    -->
14    <uses-permission android:name="android.permission.INTERNET" />
14-->src\debug\AndroidManifest.xml:6:5-66
14-->src\debug\AndroidManifest.xml:6:22-64
15
16    <queries>
16-->[:upi_india] AndroidManifest.xml:7:5-13:15
17        <intent>
17-->[:upi_india] AndroidManifest.xml:8:9-12:18
18            <action android:name="android.intent.action.VIEW" />
18-->[:upi_india] AndroidManifest.xml:9:13-65
18-->[:upi_india] AndroidManifest.xml:9:21-62
19
20            <data android:scheme="upi" />
20-->[:upi_india] AndroidManifest.xml:11:13-42
20-->[:upi_india] AndroidManifest.xml:11:19-39
21        </intent>
22    </queries>
23    <queries>
23-->[:upi_india] AndroidManifest.xml:7:5-13:15
24        <package android:name="com.lcode.allahabadupi" />
25        <package android:name="in.amazon.mShop.android.shopping" />
26        <package android:name="com.upi.axispay" />
27        <package android:name="com.bankofbaroda.upi" />
28        <package android:name="in.org.npci.upiapp" />
29        <package android:name="com.infra.boiupi" />
30        <package android:name="com.infrasofttech.centralbankupi" />
31        <package android:name="in.cointab.app" />
32        <package android:name="com.lcode.corpupi" />
33        <package android:name="com.lcode.csbupi" />
34        <package android:name="com.cub.wallet.gui" />
35        <package android:name="com.dbs.in.digitalbank" />
36        <package android:name="com.olive.dcb.upi" />
37        <package android:name="com.equitasbank.upi" />
38        <package android:name="com.finopaytech.bpayfino" />
39        <package android:name="com.freecharge.android" />
40        <package android:name="com.google.android.apps.nbu.paisa.user" />
41        <package android:name="com.mgs.hsbcupi" />
42        <package android:name="com.csam.icici.bank.imobile" />
43        <package android:name="com.mgs.induspsp" />
44        <package android:name="com.lcode.smartz" />
45        <package android:name="com.khaalijeb.inkdrops" />
46        <package android:name="com.msf.kbank.mobile" />
47        <package android:name="com.infrasofttech.mahaupi" />
48        <package android:name="com.mipay.in.wallet" />
49        <package android:name="com.mipay.wallet.in" />
50        <package android:name="com.mobikwik_new" />
51        <package android:name="com.mgs.obcbank" />
52        <package android:name="net.one97.paytm" />
53        <package android:name="com.idbibank.paywiz" />
54        <package android:name="com.enstage.wibmo.hdfc" />
55        <package android:name="com.phonepe.app" />
56        <package android:name="com.fss.pnbpsp" />
57        <package android:name="com.mobileware.upipsb" />
58        <package android:name="com.rblbank.upi" />
59        <package android:name="com.realmepay.payments" />
60        <package android:name="com.sbi.upi" />
61        <package android:name="com.truecaller" />
62        <package android:name="com.fss.unbipsp" />
63        <package android:name="com.fss.vijayapsp" />
64        <package android:name="com.YesBank" />
65    </queries>
66
67    <uses-permission android:name="android.permission.RECEIVE_BOOT_COMPLETED" />
67-->[:flutter_local_notifications] AndroidManifest.xml:7:5-81
67-->[:flutter_local_notifications] AndroidManifest.xml:7:22-78
68    <uses-permission android:name="android.permission.VIBRATE" />
68-->[:flutter_local_notifications] AndroidManifest.xml:8:5-66
68-->[:flutter_local_notifications] AndroidManifest.xml:8:22-63
69    <uses-permission android:name="android.permission.USE_FULL_SCREEN_INTENT" />
69-->[:flutter_local_notifications] AndroidManifest.xml:9:5-81
69-->[:flutter_local_notifications] AndroidManifest.xml:9:22-78
70    <uses-permission android:name="android.permission.ACCESS_NETWORK_STATE" />
70-->[com.google.firebase:firebase-auth:21.0.1] AndroidManifest.xml:24:5-79
70-->[com.google.firebase:firebase-auth:21.0.1] AndroidManifest.xml:24:22-76
71    <uses-permission android:name="android.permission.WAKE_LOCK" />
71-->[com.google.android.gms:play-services-measurement-api:20.0.2] AndroidManifest.xml:24:5-68
71-->[com.google.android.gms:play-services-measurement-api:20.0.2] AndroidManifest.xml:24:22-65
72    <uses-permission android:name="com.google.android.finsky.permission.BIND_GET_INSTALL_REFERRER_SERVICE" /> <!-- Include required permissions for Advertising Id -->
72-->[com.google.android.gms:play-services-measurement:20.0.2] AndroidManifest.xml:26:5-110
72-->[com.google.android.gms:play-services-measurement:20.0.2] AndroidManifest.xml:26:22-107
73    <uses-permission android:name="com.google.android.gms.permission.AD_ID" />
73-->[com.google.android.gms:play-services-ads-identifier:18.0.0] AndroidManifest.xml:23:5-79
73-->[com.google.android.gms:play-services-ads-identifier:18.0.0] AndroidManifest.xml:23:22-76
74
75    <application
75-->src\main\AndroidManifest.xml:3:4-40:19
76        android:name="androidx.multidex.MultiDexApplication"
77        android:appComponentFactory="androidx.core.app.CoreComponentFactory"
77-->[androidx.core:core:1.6.0] AndroidManifest.xml:24:18-86
78        android:debuggable="true"
79        android:icon="@mipmap/ic_launcher"
79-->src\main\AndroidManifest.xml:5:9-43
80        android:label="user" >
80-->src\main\AndroidManifest.xml:4:9-29
81        <activity
81-->src\main\AndroidManifest.xml:6:9-34:20
82            android:name="com.example.user.MainActivity"
82-->src\main\AndroidManifest.xml:7:13-41
83            android:configChanges="orientation|keyboardHidden|keyboard|screenSize|smallestScreenSize|locale|layoutDirection|fontScale|screenLayout|density|uiMode"
83-->src\main\AndroidManifest.xml:10:13-163
84            android:hardwareAccelerated="true"
84-->src\main\AndroidManifest.xml:11:13-47
85            android:launchMode="singleTop"
85-->src\main\AndroidManifest.xml:8:13-43
86            android:theme="@style/LaunchTheme"
86-->src\main\AndroidManifest.xml:9:13-47
87            android:windowSoftInputMode="adjustResize" >
87-->src\main\AndroidManifest.xml:12:13-55
88
89            <!--
90                 Specifies an Android theme to apply to this Activity as soon as
91                 the Android process has started. This theme is visible to the user
92                 while the Flutter UI initializes. After that, this theme continues
93                 to determine the Window background behind the Flutter UI.
94            -->
95            <meta-data
95-->src\main\AndroidManifest.xml:17:13-20:17
96                android:name="io.flutter.embedding.android.NormalTheme"
96-->src\main\AndroidManifest.xml:18:15-70
97                android:resource="@style/NormalTheme" />
97-->src\main\AndroidManifest.xml:19:15-52
98            <!--
99                 Displays an Android View that continues showing the launch screen
100                 Drawable until Flutter paints its first frame, then this splash
101                 screen fades out. A splash screen is useful to avoid any visual
102                 gap between the end of Android's launch screen and the painting of
103                 Flutter's first frame.
104            -->
105            <meta-data
105-->src\main\AndroidManifest.xml:26:13-29:17
106                android:name="io.flutter.embedding.android.SplashScreenDrawable"
106-->src\main\AndroidManifest.xml:27:15-79
107                android:resource="@drawable/launch_background" />
107-->src\main\AndroidManifest.xml:28:15-61
108
109            <intent-filter>
109-->src\main\AndroidManifest.xml:30:13-33:29
110                <action android:name="android.intent.action.MAIN" />
110-->src\main\AndroidManifest.xml:31:17-68
110-->src\main\AndroidManifest.xml:31:25-66
111
112                <category android:name="android.intent.category.LAUNCHER" />
112-->src\main\AndroidManifest.xml:32:17-76
112-->src\main\AndroidManifest.xml:32:27-74
113            </intent-filter>
114        </activity>
115        <!--
116             Don't delete the meta-data below.
117             This is used by the Flutter tool to generate GeneratedPluginRegistrant.java
118        -->
119        <meta-data
119-->src\main\AndroidManifest.xml:37:9-39:33
120            android:name="flutterEmbedding"
120-->src\main\AndroidManifest.xml:38:13-44
121            android:value="2" />
121-->src\main\AndroidManifest.xml:39:13-30
122
123        <service
123-->[:firebase_auth] AndroidManifest.xml:8:9-12:19
124            android:name="com.google.firebase.components.ComponentDiscoveryService"
124-->[:firebase_auth] AndroidManifest.xml:8:18-89
125            android:directBootAware="true"
125-->[com.google.firebase:firebase-common:20.0.0] AndroidManifest.xml:35:13-43
126            android:exported="false" >
126-->[com.google.firebase:firebase-analytics-ktx:20.0.2] AndroidManifest.xml:10:13-37
127            <meta-data
127-->[:firebase_auth] AndroidManifest.xml:9:13-11:85
128                android:name="com.google.firebase.components:io.flutter.plugins.firebase.auth.FlutterFirebaseAuthRegistrar"
128-->[:firebase_auth] AndroidManifest.xml:10:17-124
129                android:value="com.google.firebase.components.ComponentRegistrar" />
129-->[:firebase_auth] AndroidManifest.xml:11:17-82
130            <meta-data
130-->[:firebase_database] AndroidManifest.xml:9:13-11:85
131                android:name="com.google.firebase.components:io.flutter.plugins.firebase.database.FlutterFirebaseAppRegistrar"
131-->[:firebase_database] AndroidManifest.xml:10:17-127
132                android:value="com.google.firebase.components.ComponentRegistrar" />
132-->[:firebase_database] AndroidManifest.xml:11:17-82
133            <meta-data
133-->[:cloud_firestore] AndroidManifest.xml:9:13-11:85
134                android:name="com.google.firebase.components:io.flutter.plugins.firebase.firestore.FlutterFirebaseFirestoreRegistrar"
134-->[:cloud_firestore] AndroidManifest.xml:10:17-134
135                android:value="com.google.firebase.components.ComponentRegistrar" />
135-->[:cloud_firestore] AndroidManifest.xml:11:17-82
136            <meta-data
136-->[:firebase_core] AndroidManifest.xml:9:13-11:85
137                android:name="com.google.firebase.components:io.flutter.plugins.firebase.core.FlutterFirebaseCoreRegistrar"
137-->[:firebase_core] AndroidManifest.xml:10:17-124
138                android:value="com.google.firebase.components.ComponentRegistrar" />
138-->[:firebase_core] AndroidManifest.xml:11:17-82
139            <meta-data
139-->[com.google.firebase:firebase-analytics-ktx:20.0.2] AndroidManifest.xml:11:13-13:85
140                android:name="com.google.firebase.components:com.google.firebase.analytics.ktx.FirebaseAnalyticsKtxRegistrar"
140-->[com.google.firebase:firebase-analytics-ktx:20.0.2] AndroidManifest.xml:12:17-126
141                android:value="com.google.firebase.components.ComponentRegistrar" />
141-->[com.google.firebase:firebase-analytics-ktx:20.0.2] AndroidManifest.xml:13:17-82
142            <meta-data
142-->[com.google.firebase:firebase-common-ktx:20.0.0] AndroidManifest.xml:15:13-17:85
143                android:name="com.google.firebase.components:com.google.firebase.ktx.FirebaseCommonKtxRegistrar"
143-->[com.google.firebase:firebase-common-ktx:20.0.0] AndroidManifest.xml:16:17-113
144                android:value="com.google.firebase.components.ComponentRegistrar" />
144-->[com.google.firebase:firebase-common-ktx:20.0.0] AndroidManifest.xml:17:17-82
145            <meta-data
145-->[com.google.firebase:firebase-auth:21.0.1] AndroidManifest.xml:77:13-79:85
146                android:name="com.google.firebase.components:com.google.firebase.auth.FirebaseAuthRegistrar"
146-->[com.google.firebase:firebase-auth:21.0.1] AndroidManifest.xml:78:17-109
147                android:value="com.google.firebase.components.ComponentRegistrar" />
147-->[com.google.firebase:firebase-auth:21.0.1] AndroidManifest.xml:79:17-82
148            <meta-data
148-->[com.google.firebase:firebase-firestore:24.0.0] AndroidManifest.xml:20:13-22:85
149                android:name="com.google.firebase.components:com.google.firebase.firestore.FirestoreRegistrar"
149-->[com.google.firebase:firebase-firestore:24.0.0] AndroidManifest.xml:21:17-111
150                android:value="com.google.firebase.components.ComponentRegistrar" />
150-->[com.google.firebase:firebase-firestore:24.0.0] AndroidManifest.xml:22:17-82
151            <meta-data
151-->[com.google.firebase:firebase-database:20.0.3] AndroidManifest.xml:32:13-34:85
152                android:name="com.google.firebase.components:com.google.firebase.database.DatabaseRegistrar"
152-->[com.google.firebase:firebase-database:20.0.3] AndroidManifest.xml:33:17-109
153                android:value="com.google.firebase.components.ComponentRegistrar" />
153-->[com.google.firebase:firebase-database:20.0.3] AndroidManifest.xml:34:17-82
154            <meta-data
154-->[com.google.android.gms:play-services-measurement-api:20.0.2] AndroidManifest.xml:30:13-32:85
155                android:name="com.google.firebase.components:com.google.firebase.analytics.connector.internal.AnalyticsConnectorRegistrar"
155-->[com.google.android.gms:play-services-measurement-api:20.0.2] AndroidManifest.xml:31:17-139
156                android:value="com.google.firebase.components.ComponentRegistrar" />
156-->[com.google.android.gms:play-services-measurement-api:20.0.2] AndroidManifest.xml:32:17-82
157            <meta-data
157-->[com.google.firebase:firebase-installations:17.0.0] AndroidManifest.xml:18:13-20:85
158                android:name="com.google.firebase.components:com.google.firebase.installations.FirebaseInstallationsRegistrar"
158-->[com.google.firebase:firebase-installations:17.0.0] AndroidManifest.xml:19:17-127
159                android:value="com.google.firebase.components.ComponentRegistrar" />
159-->[com.google.firebase:firebase-installations:17.0.0] AndroidManifest.xml:20:17-82
160        </service>
161
162        <provider
162-->[:image_picker] AndroidManifest.xml:8:9-16:20
163            android:name="io.flutter.plugins.imagepicker.ImagePickerFileProvider"
163-->[:image_picker] AndroidManifest.xml:9:13-82
164            android:authorities="com.example.hotelKingsdharbar.flutter.image_provider"
164-->[:image_picker] AndroidManifest.xml:10:13-74
165            android:exported="false"
165-->[:image_picker] AndroidManifest.xml:11:13-37
166            android:grantUriPermissions="true" >
166-->[:image_picker] AndroidManifest.xml:12:13-47
167            <meta-data
167-->[:image_picker] AndroidManifest.xml:13:13-15:75
168                android:name="android.support.FILE_PROVIDER_PATHS"
168-->[:image_picker] AndroidManifest.xml:14:17-67
169                android:resource="@xml/flutter_image_picker_file_paths" />
169-->[:image_picker] AndroidManifest.xml:15:17-72
170        </provider>
171
172        <receiver android:name="com.dexterous.flutterlocalnotifications.ScheduledNotificationReceiver" />
172-->[:flutter_local_notifications] AndroidManifest.xml:12:9-106
172-->[:flutter_local_notifications] AndroidManifest.xml:12:19-103
173        <receiver android:name="com.dexterous.flutterlocalnotifications.ScheduledNotificationBootReceiver" >
173-->[:flutter_local_notifications] AndroidManifest.xml:13:9-20:20
173-->[:flutter_local_notifications] AndroidManifest.xml:13:19-107
174            <intent-filter>
174-->[:flutter_local_notifications] AndroidManifest.xml:14:13-19:29
175                <action android:name="android.intent.action.BOOT_COMPLETED" />
175-->[:flutter_local_notifications] AndroidManifest.xml:15:17-79
175-->[:flutter_local_notifications] AndroidManifest.xml:15:25-76
176                <action android:name="android.intent.action.MY_PACKAGE_REPLACED" />
176-->[:flutter_local_notifications] AndroidManifest.xml:16:17-84
176-->[:flutter_local_notifications] AndroidManifest.xml:16:25-81
177                <action android:name="android.intent.action.QUICKBOOT_POWERON" />
177-->[:flutter_local_notifications] AndroidManifest.xml:17:17-82
177-->[:flutter_local_notifications] AndroidManifest.xml:17:25-79
178                <action android:name="com.htc.intent.action.QUICKBOOT_POWERON" />
178-->[:flutter_local_notifications] AndroidManifest.xml:18:17-82
178-->[:flutter_local_notifications] AndroidManifest.xml:18:25-79
179            </intent-filter>
180        </receiver>
181
182        <activity
182-->[com.google.firebase:firebase-auth:21.0.1] AndroidManifest.xml:27:9-44:20
183            android:name="com.google.firebase.auth.internal.GenericIdpActivity"
183-->[com.google.firebase:firebase-auth:21.0.1] AndroidManifest.xml:28:13-80
184            android:excludeFromRecents="true"
184-->[com.google.firebase:firebase-auth:21.0.1] AndroidManifest.xml:29:13-46
185            android:exported="true"
185-->[com.google.firebase:firebase-auth:21.0.1] AndroidManifest.xml:30:13-36
186            android:launchMode="singleTask"
186-->[com.google.firebase:firebase-auth:21.0.1] AndroidManifest.xml:31:13-44
187            android:theme="@android:style/Theme.Translucent.NoTitleBar" >
187-->[com.google.firebase:firebase-auth:21.0.1] AndroidManifest.xml:32:13-72
188            <intent-filter>
188-->[com.google.firebase:firebase-auth:21.0.1] AndroidManifest.xml:33:13-43:29
189                <action android:name="android.intent.action.VIEW" />
189-->[:upi_india] AndroidManifest.xml:9:13-65
189-->[:upi_india] AndroidManifest.xml:9:21-62
190
191                <category android:name="android.intent.category.DEFAULT" />
191-->[com.google.firebase:firebase-auth:21.0.1] AndroidManifest.xml:36:17-76
191-->[com.google.firebase:firebase-auth:21.0.1] AndroidManifest.xml:36:27-73
192                <category android:name="android.intent.category.BROWSABLE" />
192-->[com.google.firebase:firebase-auth:21.0.1] AndroidManifest.xml:37:17-78
192-->[com.google.firebase:firebase-auth:21.0.1] AndroidManifest.xml:37:27-75
193
194                <data
194-->[:upi_india] AndroidManifest.xml:11:13-42
195                    android:host="firebase.auth"
196                    android:path="/"
197                    android:scheme="genericidp" />
197-->[:upi_india] AndroidManifest.xml:11:19-39
198            </intent-filter>
199        </activity>
200        <activity
200-->[com.google.firebase:firebase-auth:21.0.1] AndroidManifest.xml:45:9-62:20
201            android:name="com.google.firebase.auth.internal.RecaptchaActivity"
201-->[com.google.firebase:firebase-auth:21.0.1] AndroidManifest.xml:46:13-79
202            android:excludeFromRecents="true"
202-->[com.google.firebase:firebase-auth:21.0.1] AndroidManifest.xml:47:13-46
203            android:exported="true"
203-->[com.google.firebase:firebase-auth:21.0.1] AndroidManifest.xml:48:13-36
204            android:launchMode="singleTask"
204-->[com.google.firebase:firebase-auth:21.0.1] AndroidManifest.xml:49:13-44
205            android:theme="@android:style/Theme.Translucent.NoTitleBar" >
205-->[com.google.firebase:firebase-auth:21.0.1] AndroidManifest.xml:50:13-72
206            <intent-filter>
206-->[com.google.firebase:firebase-auth:21.0.1] AndroidManifest.xml:51:13-61:29
207                <action android:name="android.intent.action.VIEW" />
207-->[:upi_india] AndroidManifest.xml:9:13-65
207-->[:upi_india] AndroidManifest.xml:9:21-62
208
209                <category android:name="android.intent.category.DEFAULT" />
209-->[com.google.firebase:firebase-auth:21.0.1] AndroidManifest.xml:36:17-76
209-->[com.google.firebase:firebase-auth:21.0.1] AndroidManifest.xml:36:27-73
210                <category android:name="android.intent.category.BROWSABLE" />
210-->[com.google.firebase:firebase-auth:21.0.1] AndroidManifest.xml:37:17-78
210-->[com.google.firebase:firebase-auth:21.0.1] AndroidManifest.xml:37:27-75
211
212                <data
212-->[:upi_india] AndroidManifest.xml:11:13-42
213                    android:host="firebase.auth"
214                    android:path="/"
215                    android:scheme="recaptcha" />
215-->[:upi_india] AndroidManifest.xml:11:19-39
216            </intent-filter>
217        </activity>
218
219        <service
219-->[com.google.firebase:firebase-auth:21.0.1] AndroidManifest.xml:64:9-73:19
220            android:name="com.google.firebase.auth.api.fallback.service.FirebaseAuthFallbackService"
220-->[com.google.firebase:firebase-auth:21.0.1] AndroidManifest.xml:65:13-101
221            android:enabled="true"
221-->[com.google.firebase:firebase-auth:21.0.1] AndroidManifest.xml:66:13-35
222            android:exported="false" >
222-->[com.google.firebase:firebase-auth:21.0.1] AndroidManifest.xml:67:13-37
223            <intent-filter>
223-->[com.google.firebase:firebase-auth:21.0.1] AndroidManifest.xml:68:13-72:29
224                <action android:name="com.google.firebase.auth.api.gms.service.START" />
224-->[com.google.firebase:firebase-auth:21.0.1] AndroidManifest.xml:69:17-89
224-->[com.google.firebase:firebase-auth:21.0.1] AndroidManifest.xml:69:25-86
225
226                <category android:name="android.intent.category.DEFAULT" />
226-->[com.google.firebase:firebase-auth:21.0.1] AndroidManifest.xml:36:17-76
226-->[com.google.firebase:firebase-auth:21.0.1] AndroidManifest.xml:36:27-73
227            </intent-filter>
228        </service>
229
230        <provider
230-->[com.google.firebase:firebase-common:20.0.0] AndroidManifest.xml:26:9-31:39
231            android:name="com.google.firebase.provider.FirebaseInitProvider"
231-->[com.google.firebase:firebase-common:20.0.0] AndroidManifest.xml:27:13-77
232            android:authorities="com.example.hotelKingsdharbar.firebaseinitprovider"
232-->[com.google.firebase:firebase-common:20.0.0] AndroidManifest.xml:28:13-72
233            android:directBootAware="true"
233-->[com.google.firebase:firebase-common:20.0.0] AndroidManifest.xml:29:13-43
234            android:exported="false"
234-->[com.google.firebase:firebase-common:20.0.0] AndroidManifest.xml:30:13-37
235            android:initOrder="100" />
235-->[com.google.firebase:firebase-common:20.0.0] AndroidManifest.xml:31:13-36
236
237        <activity
237-->[com.google.android.gms:play-services-auth:20.0.1] AndroidManifest.xml:23:9-27:75
238            android:name="com.google.android.gms.auth.api.signin.internal.SignInHubActivity"
238-->[com.google.android.gms:play-services-auth:20.0.1] AndroidManifest.xml:24:13-93
239            android:excludeFromRecents="true"
239-->[com.google.android.gms:play-services-auth:20.0.1] AndroidManifest.xml:25:13-46
240            android:exported="false"
240-->[com.google.android.gms:play-services-auth:20.0.1] AndroidManifest.xml:26:13-37
241            android:theme="@android:style/Theme.Translucent.NoTitleBar" />
241-->[com.google.android.gms:play-services-auth:20.0.1] AndroidManifest.xml:27:13-72
242        <!--
243            Service handling Google Sign-In user revocation. For apps that do not integrate with
244            Google Sign-In, this service will never be started.
245        -->
246        <service
246-->[com.google.android.gms:play-services-auth:20.0.1] AndroidManifest.xml:33:9-37:51
247            android:name="com.google.android.gms.auth.api.signin.RevocationBoundService"
247-->[com.google.android.gms:play-services-auth:20.0.1] AndroidManifest.xml:34:13-89
248            android:exported="true"
248-->[com.google.android.gms:play-services-auth:20.0.1] AndroidManifest.xml:35:13-36
249            android:permission="com.google.android.gms.auth.api.signin.permission.REVOCATION_NOTIFICATION"
249-->[com.google.android.gms:play-services-auth:20.0.1] AndroidManifest.xml:36:13-107
250            android:visibleToInstantApps="true" />
250-->[com.google.android.gms:play-services-auth:20.0.1] AndroidManifest.xml:37:13-48
251
252        <activity
252-->[com.google.android.gms:play-services-base:18.0.1] AndroidManifest.xml:20:9-22:45
253            android:name="com.google.android.gms.common.api.GoogleApiActivity"
253-->[com.google.android.gms:play-services-base:18.0.1] AndroidManifest.xml:20:19-85
254            android:exported="false"
254-->[com.google.android.gms:play-services-base:18.0.1] AndroidManifest.xml:22:19-43
255            android:theme="@android:style/Theme.Translucent.NoTitleBar" />
255-->[com.google.android.gms:play-services-base:18.0.1] AndroidManifest.xml:21:19-78
256
257        <receiver
257-->[com.google.android.gms:play-services-measurement:20.0.2] AndroidManifest.xml:29:9-33:20
258            android:name="com.google.android.gms.measurement.AppMeasurementReceiver"
258-->[com.google.android.gms:play-services-measurement:20.0.2] AndroidManifest.xml:30:13-85
259            android:enabled="true"
259-->[com.google.android.gms:play-services-measurement:20.0.2] AndroidManifest.xml:31:13-35
260            android:exported="false" >
260-->[com.google.android.gms:play-services-measurement:20.0.2] AndroidManifest.xml:32:13-37
261        </receiver>
262
263        <service
263-->[com.google.android.gms:play-services-measurement:20.0.2] AndroidManifest.xml:35:9-38:40
264            android:name="com.google.android.gms.measurement.AppMeasurementService"
264-->[com.google.android.gms:play-services-measurement:20.0.2] AndroidManifest.xml:36:13-84
265            android:enabled="true"
265-->[com.google.android.gms:play-services-measurement:20.0.2] AndroidManifest.xml:37:13-35
266            android:exported="false" />
266-->[com.google.android.gms:play-services-measurement:20.0.2] AndroidManifest.xml:38:13-37
267        <service
267-->[com.google.android.gms:play-services-measurement:20.0.2] AndroidManifest.xml:39:9-43:72
268            android:name="com.google.android.gms.measurement.AppMeasurementJobService"
268-->[com.google.android.gms:play-services-measurement:20.0.2] AndroidManifest.xml:40:13-87
269            android:enabled="true"
269-->[com.google.android.gms:play-services-measurement:20.0.2] AndroidManifest.xml:41:13-35
270            android:exported="false"
270-->[com.google.android.gms:play-services-measurement:20.0.2] AndroidManifest.xml:42:13-37
271            android:permission="android.permission.BIND_JOB_SERVICE" />
271-->[com.google.android.gms:play-services-measurement:20.0.2] AndroidManifest.xml:43:13-69
272
273        <meta-data
273-->[com.google.android.gms:play-services-basement:18.0.0] AndroidManifest.xml:21:9-23:69
274            android:name="com.google.android.gms.version"
274-->[com.google.android.gms:play-services-basement:18.0.0] AndroidManifest.xml:22:13-58
275            android:value="@integer/google_play_services_version" />
275-->[com.google.android.gms:play-services-basement:18.0.0] AndroidManifest.xml:23:13-66
276    </application>
277
278</manifest>